F:\GITHUB\BPNETWORK\BPNETWORK\BPNETWORK\DEBUG\BPNETWORK.OBJ
F:\GITHUB\BPNETWORK\BPNETWORK\BPNETWORK\DEBUG\MAIN.OBJ
F:\GITHUB\BPNETWORK\BPNETWORK\BPNETWORK\DEBUG\VC110.PDB
F:\GITHUB\BPNETWORK\BPNETWORK\DEBUG\BPNETWORK.ILK
F:\GITHUB\BPNETWORK\BPNETWORK\DEBUG\BPNETWORK.EXE
F:\GITHUB\BPNETWORK\BPNETWORK\DEBUG\BPNETWORK.PDB
F:\Github\BPNetwork\BPNetwork\BPNetwork\Debug\BPNetwork.obj
F:\Github\BPNetwork\BPNetwork\BPNetwork\Debug\main.obj
F:\Github\BPNetwork\BPNetwork\BPNetwork\Debug\cl.command.1.tlog
F:\Github\BPNetwork\BPNetwork\BPNetwork\Debug\CL.read.1.tlog
F:\Github\BPNetwork\BPNetwork\BPNetwork\Debug\CL.write.1.tlog
F:\Github\BPNetwork\BPNetwork\BPNetwork\Debug\link-cvtres.read.1.tlog
F:\Github\BPNetwork\BPNetwork\BPNetwork\Debug\link-cvtres.write.1.tlog
F:\Github\BPNetwork\BPNetwork\BPNetwork\Debug\link-rc.read.1.tlog
F:\Github\BPNetwork\BPNetwork\BPNetwork\Debug\link-rc.write.1.tlog
F:\Github\BPNetwork\BPNetwork\BPNetwork\Debug\link.command.1.tlog
F:\Github\BPNetwork\BPNetwork\BPNetwork\Debug\link.read.1.tlog
F:\Github\BPNetwork\BPNetwork\BPNetwork\Debug\link.write.1.tlog
F:\Github\BPNetwork\BPNetwork\BPNetwork\Debug\vc110.idb
F:\Github\BPNetwork\BPNetwork\BPNetwork\Debug\vc110.pdb
F:\Github\BPNetwork\BPNetwork\Debug\BPNetwork.pdb
F:\Github\BPNetwork\BPNetwork\Debug\BPNetwork.exe
F:\Github\BPNetwork\BPNetwork\Debug\BPNetwork.ilk
